c:\users\dan\onedrive\cit 284\homework\cit284 dn final project\cit284 dn final project\debug\cit284 dn final project.pch
c:\users\dan\onedrive\cit 284\homework\cit284 dn final project\cit284 dn final project\debug\vc120.pdb
c:\users\dan\onedrive\cit 284\homework\cit284 dn final project\cit284 dn final project\debug\vc120.idb
c:\users\dan\onedrive\cit 284\homework\cit284 dn final project\cit284 dn final project\debug\stdafx.obj
c:\users\dan\onedrive\cit 284\homework\cit284 dn final project\cit284 dn final project\debug\attributedlg.obj
c:\users\dan\onedrive\cit 284\homework\cit284 dn final project\cit284 dn final project\debug\changedirectorydlg.obj
c:\users\dan\onedrive\cit 284\homework\cit284 dn final project\cit284 dn final project\debug\cit284 dn final project.obj
c:\users\dan\onedrive\cit 284\homework\cit284 dn final project\cit284 dn final project\debug\cit284 dn final projectdlg.obj
c:\users\dan\onedrive\cit 284\homework\cit284 dn final project\cit284 dn final project\debug\copydialog.obj
c:\users\dan\onedrive\cit 284\homework\cit284 dn final project\cit284 dn final project\debug\createdirectorydlg.obj
c:\users\dan\onedrive\cit 284\homework\cit284 dn final project\cit284 dn final project\debug\datetimedlg.obj
c:\users\dan\onedrive\cit 284\homework\cit284 dn final project\cit284 dn final project\debug\editdlg.obj
c:\users\dan\onedrive\cit 284\homework\cit284 dn final project\cit284 dn final project\debug\movedlg.obj
c:\users\dan\onedrive\cit 284\homework\cit284 dn final project\cit284 dn final project\debug\removedirdlg.obj
c:\users\dan\onedrive\cit 284\homework\cit284 dn final project\cit284 dn final project\debug\renamedlg.obj
c:\users\dan\onedrive\cit 284\homework\cit284 dn final project\cit284 dn final project\debug\typedlg.obj
c:\users\dan\onedrive\cit 284\homework\cit284 dn final project\cit284 dn final project\debug\printdlg.obj
c:\users\dan\onedrive\cit 284\homework\cit284 dn final project\debug\cit284 dn final project.ilk
c:\users\dan\onedrive\cit 284\homework\cit284 dn final project\debug\cit284 dn final project.exe
c:\users\dan\onedrive\cit 284\homework\cit284 dn final project\debug\cit284 dn final project.pdb
c:\users\dan\onedrive\cit 284\homework\cit284 dn final project\cit284 dn final project\debug\cit284 dn final project.res
c:\users\dan\onedrive\cit 284\homework\cit284 dn final project\cit284 dn final project\debug\cit284 d.27409913.tlog\cl.command.1.tlog
c:\users\dan\onedrive\cit 284\homework\cit284 dn final project\cit284 dn final project\debug\cit284 d.27409913.tlog\cl.read.1.tlog
c:\users\dan\onedrive\cit 284\homework\cit284 dn final project\cit284 dn final project\debug\cit284 d.27409913.tlog\cl.write.1.tlog
c:\users\dan\onedrive\cit 284\homework\cit284 dn final project\cit284 dn final project\debug\cit284 d.27409913.tlog\link.command.1.tlog
c:\users\dan\onedrive\cit 284\homework\cit284 dn final project\cit284 dn final project\debug\cit284 d.27409913.tlog\link.read.1.tlog
c:\users\dan\onedrive\cit 284\homework\cit284 dn final project\cit284 dn final project\debug\cit284 d.27409913.tlog\link.write.1.tlog
c:\users\dan\onedrive\cit 284\homework\cit284 dn final project\cit284 dn final project\debug\cit284 d.27409913.tlog\rc.command.1.tlog
c:\users\dan\onedrive\cit 284\homework\cit284 dn final project\cit284 dn final project\debug\cit284 d.27409913.tlog\rc.read.1.tlog
c:\users\dan\onedrive\cit 284\homework\cit284 dn final project\cit284 dn final project\debug\cit284 d.27409913.tlog\rc.write.1.tlog
